
 frequency_dependence   2

 band_index     1     4
 sigma_matrix     0   0

 finite_difference_form   2
 finite_difference_spacing  1.000000

 symmetries
 ntran  = 48
 mtrx01 =  1  0  0  0  1  0  0  0  1
 mtrx02 = -1 -1 -1  0  0  1  0  1  0
 mtrx03 =  0  0  1 -1 -1 -1  1  0  0
 mtrx04 =  0  1  0  1  0  0 -1 -1 -1
 mtrx05 =  0  0  1  1  0  0  0  1  0
 mtrx06 =  0  1  0 -1 -1 -1  0  0  1
 mtrx07 =  1  0  0  0  0  1 -1 -1 -1
 mtrx08 = -1 -1 -1  0  1  0  1  0  0
 mtrx09 =  0  1  0  0  0  1  1  0  0
 mtrx10 =  0  0  1  0  1  0 -1 -1 -1
 mtrx11 = -1 -1 -1  1  0  0  0  0  1
 mtrx12 =  1  0  0 -1 -1 -1  0  1  0
 mtrx13 =  0 -1  0 -1  0  0  0  0 -1
 mtrx14 =  0  0 -1  1  1  1  0 -1  0
 mtrx15 =  1  1  1  0  0 -1 -1  0  0
 mtrx16 = -1  0  0  0 -1  0  1  1  1
 mtrx17 = -1  0  0  0  0 -1  0 -1  0
 mtrx18 =  1  1  1  0 -1  0  0  0 -1
 mtrx19 =  0  0 -1 -1  0  0  1  1  1
 mtrx20 =  0 -1  0  1  1  1 -1  0  0
 mtrx21 =  0  0 -1  0 -1  0 -1  0  0
 mtrx22 =  0 -1  0  0  0 -1  1  1  1
 mtrx23 = -1  0  0  1  1  1  0  0 -1
 mtrx24 =  1  1  1 -1  0  0  0 -1  0
 mtrx25 = -1  0  0  0 -1  0  0  0 -1
 mtrx26 =  1  1  1  0  0 -1  0 -1  0
 mtrx27 =  0  0 -1  1  1  1 -1  0  0
 mtrx28 =  0 -1  0 -1  0  0  1  1  1
 mtrx29 =  0  0 -1 -1  0  0  0 -1  0
 mtrx30 =  0 -1  0  1  1  1  0  0 -1
 mtrx31 = -1  0  0  0  0 -1  1  1  1
 mtrx32 =  1  1  1  0 -1  0 -1  0  0
 mtrx33 =  0 -1  0  0  0 -1 -1  0  0
 mtrx34 =  0  0 -1  0 -1  0  1  1  1
 mtrx35 =  1  1  1 -1  0  0  0  0 -1
 mtrx36 = -1  0  0  1  1  1  0 -1  0
 mtrx37 =  0  1  0  1  0  0  0  0  1
 mtrx38 =  0  0  1 -1 -1 -1  0  1  0
 mtrx39 = -1 -1 -1  0  0  1  1  0  0
 mtrx40 =  1  0  0  0  1  0 -1 -1 -1
 mtrx41 =  1  0  0  0  0  1  0  1  0
 mtrx42 = -1 -1 -1  0  1  0  0  0  1
 mtrx43 =  0  0  1  1  0  0 -1 -1 -1
 mtrx44 =  0  1  0 -1 -1 -1  1  0  0
 mtrx45 =  0  0  1  0  1  0  1  0  0
 mtrx46 =  0  1  0  0  0  1 -1 -1 -1
 mtrx47 =  1  0  0 -1 -1 -1  0  0  1
 mtrx48 = -1 -1 -1  1  0  0  0  1  0

       k =  0.000000  0.000000  0.000000 ik =   1 spin = 1

   n        elda        ecor           x     re sx-x       re ch      re sig         vxc     re eqp0
                                             im sx-x       im ch      im sig                 im eqp0
   1   -5.956967   -5.956967  -17.366536   13.489275   -6.817005  -10.694267  -10.455963   -6.195271
                                           -1.021937   -0.052109   -1.074046               -1.074046
   2    6.009187    6.009187  -12.501535   19.229454  -16.662357  -11.752589  -11.249807    5.506405
                                            5.190556   -5.525435   -0.069863               -0.069863
   3    6.009187    6.009187  -12.501535   20.433958  -17.809913  -11.752589  -11.249807    5.506405
                                            6.872278   -7.122143   -0.069863               -0.069863
   4    6.009187    6.009187  -12.501535   21.108409  -18.574137  -11.752589  -11.249807    5.506405
                                            8.908849   -9.126080   -0.069863               -0.069863

       k =  0.000000  0.000000  0.125000 ik =   2 spin = 1

   n        elda        ecor           x     re sx-x       re ch      re sig         vxc     re eqp0
                                             im sx-x       im ch      im sig                 im eqp0
   1   -5.752671   -5.752671  -17.297697   13.406542   -6.839860  -10.731015  -10.471641   -6.012045
                                           -0.989559   -0.052814   -1.042373               -1.042373
   2    4.396573    4.396573  -12.661275   16.775309  -14.033237  -11.407833  -10.905201    3.893941
                                            3.387562   -3.511072   -0.069703               -0.069703
   3    5.721918    5.721918  -12.431790   19.178013  -16.686639  -11.596137  -11.129457    5.255239
                                            5.340464   -5.658388   -0.068671               -0.068671
   4    5.721918    5.721918  -12.431790   20.384608  -17.820917  -11.596137  -11.129457    5.255239
                                            7.013657   -7.251776   -0.068671               -0.068671

       k =  0.000000  0.000000  0.250000 ik =   3 spin = 1

   n        elda        ecor           x     re sx-x       re ch      re sig         vxc     re eqp0
                                             im sx-x       im ch      im sig                 im eqp0
   1   -5.156111   -5.156111  -17.101729   13.196425   -6.917933  -10.823237  -10.525033   -5.454315
                                           -0.912760   -0.056002   -0.968762               -0.968762
   2    2.067804    2.067804  -13.651439   14.615449  -11.307770  -11.128779  -10.639413    1.578438
                                            1.494366   -1.615702   -0.116200               -0.116200
   3    5.253670    5.253670  -12.557151   17.563909  -15.176768  -11.545599  -11.030485    4.738555
                                            4.240782   -4.462828   -0.069056               -0.069056
   4    5.253670    5.253670  -12.557151   18.413775  -16.111027  -11.545599  -11.030485    4.738555
                                            5.026028   -5.289774   -0.069056               -0.069056

       k =  0.000000  0.000000  0.375000 ik =   4 spin = 1

   n        elda        ecor           x     re sx-x       re ch      re sig         vxc     re eqp0
                                             im sx-x       im ch      im sig                 im eqp0
   1   -4.259908   -4.259908  -16.842204   12.942899   -7.023297  -10.922602  -10.644657   -4.537854
                                           -0.809391   -0.061645   -0.871036               -0.871036
   2    0.047199    0.047199  -14.479638   13.419634   -9.521388  -10.850955  -10.412756   -0.391000
                                            0.501962   -0.717442   -0.271136               -0.271136
   3    4.928316    4.928316  -12.729685   16.330232  -13.945327  -11.524234  -11.005593    4.409676
                                            3.245268   -3.416657   -0.068220               -0.068220
   4    4.928316    4.928316  -12.729685   16.766581  -14.560241  -11.524234  -11.005593    4.409676
                                            3.901513   -4.066232   -0.068220               -0.068220

       k =  0.000000  0.000000  0.500000 ik =   5 spin = 1

   n        elda        ecor           x     re sx-x       re ch      re sig         vxc     re eqp0
                                             im sx-x       im ch      im sig                 im eqp0
   1   -3.618159   -3.618159  -16.738523   12.789052   -7.232219  -11.181691  -10.808444   -3.991406
                                           -0.681792   -0.075148   -0.756940               -0.756940
   2   -0.978429   -0.978429  -14.779586   13.019075   -8.777152  -10.639057  -10.215631   -1.401856
                                            0.071742   -0.397247   -0.386159               -0.386159
   3    4.817039    4.817039  -12.799839   15.682573  -13.425577  -11.569933  -11.003897    4.251003
                                            2.897974   -3.067836   -0.068622               -0.068622
   4    4.817039    4.817039  -12.799839   16.313897  -14.137906  -11.569933  -11.003897    4.251003
                                            3.451891   -3.630632   -0.068622               -0.068622

       k =  0.000000  0.125000  0.125000 ik =   6 spin = 1

   n        elda        ecor           x     re sx-x       re ch      re sig         vxc     re eqp0
                                             im sx-x       im ch      im sig                 im eqp0
   1   -5.683821   -5.683821  -17.273786   13.400958   -6.823940  -10.696768  -10.476440   -5.904150
                                           -0.997173   -0.052330   -1.049503               -1.049503
   2    4.652489    4.652489  -12.838638   16.871957  -14.185354  -11.651910  -11.178694    4.179273
                                            3.485405   -3.635756   -0.070065               -0.070065
   3    5.205522    5.205522  -12.356683   18.336223  -15.842236  -11.418486  -10.911178    4.698214
                                            4.656795   -4.915289   -0.068321               -0.068321
   4    5.205522    5.205522  -12.356683   19.422335  -16.951702  -11.418486  -10.911178    4.698214
                                            5.656319   -5.986046   -0.068321               -0.068321

       k =  0.000000  0.125000  0.250000 ik =   7 spin = 1

   n        elda        ecor           x     re sx-x       re ch      re sig         vxc     re eqp0
                                             im sx-x       im ch      im sig                 im eqp0
   1   -5.214449   -5.214449  -17.116178   13.203987   -6.929199  -10.841390  -10.515443   -5.540396
                                           -0.900496   -0.056517   -0.957013               -0.957013
   2    2.769998    2.769998  -13.516823   14.919353  -11.799665  -11.315341  -10.858635    2.313292
                                            1.741483   -1.884026   -0.094499               -0.094499
   3    4.695282    4.695282  -12.528828   16.967125  -14.465009  -11.321693  -10.813365    4.186954
                                            3.711836   -3.884207   -0.068084               -0.068084
   4    4.759910    4.759910  -12.383621   17.629844  -15.237820  -11.289576  -10.841711    4.312044
                                            4.285233   -4.510507   -0.068515               -0.068515

       k =  0.000000  0.125000  0.375000 ik =   8 spin = 1

   n        elda        ecor           x     re sx-x       re ch      re sig         vxc     re eqp0
                                             im sx-x       im ch      im sig                 im eqp0
   1   -4.397839   -4.397839  -16.860524   12.951981   -7.042997  -10.951539  -10.606552   -4.742826
                                           -0.798927   -0.062956   -0.861883               -0.861883
   2    0.711378    0.711378  -14.328965   13.642454   -9.945016  -11.021418  -10.588993    0.278953
                                            0.692554   -0.879445   -0.209786               -0.209786
   3    4.165385    4.165385  -12.537880   15.620237  -13.102785  -11.184556  -10.724797    3.705626
                                            2.605813   -2.773165   -0.070240               -0.070240
   4    4.428322    4.428322  -12.695377   16.593407  -14.252366  -11.361817  -10.807389    3.873894
                                            3.592253   -3.733592   -0.069184               -0.069184

       k =  0.000000  0.125000  0.500000 ik =   9 spin = 1

   n        elda        ecor           x     re sx-x       re ch      re sig         vxc     re eqp0
                                             im sx-x       im ch      im sig                 im eqp0
   1   -3.532535   -3.532535  -16.672178   12.746318   -7.195236  -11.121096  -10.784941   -3.868690
                                           -0.681448   -0.073779   -0.755227               -0.755227
   2   -0.754571   -0.754571  -14.803297   12.991999   -8.838361  -10.754980  -10.337168   -1.172383
                                            0.122082   -0.425808   -0.359783               -0.359783
   3    3.719840    3.719840  -12.691015   14.687908  -12.173267  -11.133113  -10.643007    3.229734
                                            2.093549   -2.228981   -0.073524               -0.073524
   4    4.453482    4.453482  -12.771293   15.722805  -13.536909  -11.415738  -10.859998    3.897742
                                            2.975774   -3.158105   -0.068399               -0.068399

       k =  0.000000  0.125000  0.625000 ik =  10 spin = 1

   n        elda        ecor           x     re sx-x       re ch      re sig         vxc     re eqp0
                                             im sx-x       im ch      im sig                 im eqp0
   1   -3.778521   -3.778521  -16.710369   12.792106   -7.154375  -11.072638  -10.720021   -4.131139
                                           -0.710990   -0.070608   -0.781599               -0.781599
   2   -0.382704   -0.382704  -14.705052   13.171641   -9.145912  -10.856981  -10.416486   -0.823199
                                            0.284025   -0.545366   -0.313173               -0.313173
   3    3.538645    3.538645  -12.710879   -3.655407   -2.680134  -11.060018  -10.573147    3.051773
                                           -1.283786   -0.006219   -0.074947               -0.074947
   4    4.749939    4.749939  -12.751662   -3.844330   -2.713744  -11.122074  -10.955387    4.583252
                                           -1.416443   -0.006386   -0.075340               -0.075340

       k =  0.000000  0.125000  0.750000 ik =  11 spin = 1

   n        elda        ecor           x     re sx-x       re ch      re sig         vxc     re eqp0
                                             im sx-x       im ch      im sig                 im eqp0
   1   -4.704818   -4.704818  -16.954966   13.056169   -6.961585  -10.860382  -10.569841   -4.995359
                                           -0.860875   -0.058385   -0.919260               -0.919260
   2    1.370605    1.370605  -14.081624   14.031333  -10.507626  -11.108272  -10.679362    0.941695
                                            0.986656   -1.143075   -0.162391               -0.162391
   3    3.690529    3.690529  -12.560580   -3.352307   -2.671906  -11.014603  -10.517748    3.193674
                                           -1.413416   -0.006086   -0.073140               -0.073140
   4    5.240330    5.240330  -12.664333   -3.453485   -2.696485  -11.061587  -11.084272    5.263014
                                           -1.506551   -0.006205   -0.078862               -0.078862

       k =  0.000000  0.125000  0.875000 ik =  12 spin = 1

   n        elda        ecor           x     re sx-x       re ch      re sig         vxc     re eqp0
                                             im sx-x       im ch      im sig                 im eqp0
   1   -5.415983   -5.415983  -17.184787   13.271874   -6.904110  -10.817023  -10.499132   -5.733874
                                           -0.925345   -0.055306   -0.980651               -0.980651
   2    3.309662    3.309662  -13.314463   15.493758  -12.502731  -11.417332  -10.934444    2.826774
                                            2.154844   -2.290838   -0.081487               -0.081487
   3    4.376859    4.376859  -12.239157   16.811261  -14.194039  -11.012386  -10.565764    3.930237
                                            3.504849   -3.648024   -0.069723               -0.069723
   4    5.719151    5.719151  -12.589933   19.674919  -17.268325  -11.700448  -11.213725    5.232429
                                            6.176370   -6.484850   -0.069190               -0.069190

       k =  0.000000  0.250000  0.250000 ik =  13 spin = 1

   n        elda        ecor           x     re sx-x       re ch      re sig         vxc     re eqp0
                                             im sx-x       im ch      im sig                 im eqp0
   1   -4.873824   -4.873824  -16.995006   13.106230   -6.920517  -10.809293  -10.539688   -5.143429
                                           -0.893709   -0.056649   -0.950358               -0.950358
   2    2.475183    2.475183  -13.985366   14.612220  -11.452485  -11.597031  -11.119172    1.997324
                                            1.600502   -1.720764   -0.104689               -0.104689
   3    4.124686    4.124686  -12.693585   16.159184  -13.541798  -11.216866  -10.693731    3.601551
                                            2.796390   -2.997108   -0.068542               -0.068542
   4    4.124686    4.124686  -12.693585   16.673298  -14.198776  -11.216866  -10.693731    3.601551
                                            3.523038   -3.654883   -0.068542               -0.068542

       k =  0.000000  0.250000  0.375000 ik =  14 spin = 1

   n        elda        ecor           x     re sx-x       re ch      re sig         vxc     re eqp0
                                             im sx-x       im ch      im sig                 im eqp0
   1   -4.162888   -4.162888  -16.755955   12.871106   -7.052817  -10.937666  -10.607082   -4.493472
                                           -0.773879   -0.064647   -0.838526               -0.838526
   2    1.058221    1.058221  -14.591964   13.617621  -10.082562  -11.427057  -10.970523    0.601687
                                            0.808268   -0.967004   -0.182419               -0.182419
   3    3.333057    3.333057  -12.661729   -3.476599   -2.722834  -10.922245  -10.421872    2.832684
                                           -1.454377   -0.006184   -0.075339               -0.075339
   4    3.807065    3.807065  -12.838931   -3.641011   -2.764736  -11.172111  -10.660311    3.295264
                                           -1.629405   -0.006388   -0.071464               -0.071464

       k =  0.000000  0.250000  0.500000 ik =  15 spin = 1

   n        elda        ecor           x     re sx-x       re ch      re sig         vxc     re eqp0
                                             im sx-x       im ch      im sig                 im eqp0
   1   -3.234393   -3.234393  -16.494860   12.623487   -7.170506  -11.041878  -10.750336   -3.525935
                                           -0.655192   -0.075843   -0.731035               -0.731035
   2   -0.382189   -0.382189  -15.060034   12.879634   -8.912742  -11.160087  -10.724992   -0.817284
                                            0.213900   -0.474167   -0.314224               -0.314224
   3    2.461892    2.461892  -12.884911   13.859165  -11.045869  -10.741001  -10.223843    1.944734
                                            1.434767   -1.546298   -0.092939               -0.092939
   4    3.810658    3.810658  -12.882842   -3.957887   -2.773123  -11.204097  -10.687474    3.294035
                                           -1.507422   -0.006526   -0.071411               -0.071411

       k =  0.000000  0.250000  0.625000 ik =  16 spin = 1

   n        elda        ecor           x     re sx-x       re ch      re sig         vxc     re eqp0
                                             im sx-x       im ch      im sig                 im eqp0
   1   -3.028538   -3.028538  -16.477634   12.583511   -7.226466  -11.120589  -10.820734   -3.328393
                                           -0.620702   -0.080654   -0.701356               -0.701356
   2   -0.641459   -0.641459  -15.102755   12.759370   -8.648807  -11.009702  -10.644211   -1.006950
                                            0.090770   -0.387638   -0.366147               -0.366147
   3    2.000834    2.000834  -13.005997   13.596721  -10.687083  -10.644807  -10.107424    1.463451
                                            1.228635   -1.343107   -0.106403               -0.106403
   4    4.129339    4.129339  -12.826726   -4.002889   -2.767523  -11.167831  -10.770085    3.731592
                                           -1.472276   -0.006535   -0.072722               -0.072722

       k =  0.000000  0.250000  0.750000 ik =  17 spin = 1

   n        elda        ecor           x     re sx-x       re ch      re sig         vxc     re eqp0
                                             im sx-x       im ch      im sig                 im eqp0
   1   -3.909770   -3.909770  -16.703477   12.812150   -7.085102  -10.976429  -10.662120   -4.224079
                                           -0.740684   -0.066736   -0.807420               -0.807420
   2    0.519839    0.519839  -14.737947   13.328241   -9.607721  -11.266331  -10.848280    0.101788
                                            0.590977   -0.775034   -0.232447               -0.232447
   3    2.241835    2.241835  -12.828544   14.189841  -11.245849  -10.595941  -10.073925    1.719819
                                            1.515672   -1.636508   -0.098541               -0.098541
   4    4.687598    4.687598  -12.722186   16.334288  -14.080726  -11.450169  -10.913989    4.151418
                                            3.366762   -3.548174   -0.068858               -0.068858

       k =  0.000000  0.375000  0.375000 ik =  18 spin = 1

   n        elda        ecor           x     re sx-x       re ch      re sig         vxc     re eqp0
                                             im sx-x       im ch      im sig                 im eqp0
   1   -3.560304   -3.560304  -16.531123   12.678862   -7.134237  -10.986498  -10.649894   -3.896907
                                           -0.683543   -0.072750   -0.756293               -0.756293
   2    0.256780    0.256780  -15.043531   13.105583   -9.340413  -11.410889  -10.985370   -0.168740
                                            0.483027   -0.674867   -0.255556               -0.255556
   3    3.408778    3.408778  -12.977157   14.458905  -11.906771  -11.196194  -10.598565    2.811149
                                            2.012864   -2.123788   -0.071625               -0.071625
   4    3.408778    3.408778  -12.977157   14.841363  -12.431385  -11.196194  -10.598565    2.811149
                                            2.264567   -2.419110   -0.071625               -0.071625

       k =  0.000000  0.375000  0.500000 ik =  19 spin = 1

   n        elda        ecor           x     re sx-x       re ch      re sig         vxc     re eqp0
                                             im sx-x       im ch      im sig                 im eqp0
   1   -2.662229   -2.662229  -16.227837   12.413949   -7.244164  -11.058052  -10.750673   -2.969608
                                           -0.552219   -0.089191   -0.641411               -0.641411
   2   -0.825007   -0.825007  -15.512138   12.501407   -8.356590  -11.247711  -10.910153   -1.162565
                                            0.008721   -0.319284   -0.394111               -0.394111
   3    2.566757    2.566757  -12.818197   13.424681  -10.696497  -10.711358  -10.210713    2.066112
                                            1.271574   -1.385767   -0.089693               -0.089693
   4    3.332790    3.332790  -13.021039   -4.044203   -2.808434  -11.154476  -10.597495    2.775809
                                           -1.485898   -0.006601   -0.073426               -0.073426

       k =  0.000000  0.375000  0.625000 ik =  20 spin = 1

   n        elda        ecor           x     re sx-x       re ch      re sig         vxc     re eqp0
                                             im sx-x       im ch      im sig                 im eqp0
   1   -2.220436   -2.220436  -16.190161   12.340086   -7.358152  -11.208227  -10.905098   -2.523565
                                           -0.486142   -0.103113   -0.589255               -0.589255
   2   -1.222127   -1.222127  -15.602131   12.369533   -8.081375  -11.147286  -10.815832   -1.553581
                                           -0.124344   -0.240039   -0.448646               -0.448646
   3    1.690699    1.690699  -12.918072   12.971644  -10.039221  -10.401799   -9.897317    1.186216
                                            0.965394   -1.070686   -0.121530               -0.121530
   4    3.590618    3.590618  -12.956853   14.074784  -11.878998  -11.254707  -10.651029    2.986940
                                            2.010638   -2.129786   -0.070585               -0.070585

       k =  0.000000  0.500000  0.500000 ik =  21 spin = 1

   n        elda        ecor           x     re sx-x       re ch      re sig         vxc     re eqp0
                                             im sx-x       im ch      im sig                 im eqp0
   1   -1.810690   -1.810690  -15.883930   12.118919   -7.433857  -11.198869  -10.806766   -2.202792
                                           -0.367948   -0.127740   -0.495688               -0.495688
   2   -1.810690   -1.810690  -15.883930   12.114104   -7.696613  -11.198869  -10.806766   -2.202792
                                           -0.229425   -0.177379   -0.495688               -0.495688
   3    3.163233    3.163233  -13.075585   13.083155  -10.647679  -11.119975  -10.570593    2.613851
                                            1.323488   -1.427467   -0.076104               -0.076104
   4    3.163233    3.163233  -13.075585   13.347157  -11.075244  -11.119975  -10.570593    2.613851
                                            1.554331   -1.666566   -0.076104               -0.076104

       k =  0.125000  0.250000  0.375000 ik =  22 spin = 1

   n        elda        ecor           x     re sx-x       re ch      re sig         vxc     re eqp0
                                             im sx-x       im ch      im sig                 im eqp0
   1   -4.625800   -4.625800  -16.919795   13.038642   -6.939951  -10.821105  -10.569602   -4.877303
                                           -0.866186   -0.057696   -0.923883               -0.923883
   2    1.707495    1.707495  -14.212036   14.130211  -10.745400  -11.405447  -10.945300    1.247348
                                            1.143874   -1.283874   -0.138933               -0.138933
   3    3.288734    3.288734  -12.556445   -3.317060   -2.693407  -10.838679  -10.331963    2.782018
                                           -1.431245   -0.006069   -0.075989               -0.075989
   4    4.583297    4.583297  -12.570032   -3.467471   -2.734519  -11.018861  -10.819802    4.384239
                                           -1.609108   -0.006267   -0.074837               -0.074837

       k =  0.125000  0.250000  0.500000 ik =  23 spin = 1

   n        elda        ecor           x     re sx-x       re ch      re sig         vxc     re eqp0
                                             im sx-x       im ch      im sig                 im eqp0
   1   -3.735532   -3.735532  -16.649914   12.758555   -7.124008  -11.015367  -10.684323   -4.066575
                                           -0.712416   -0.069837   -0.782254               -0.782254
   2    0.157677    0.157677  -14.773466   13.191936   -9.327734  -11.110087  -10.719102   -0.233309
                                            0.439949   -0.650176   -0.272364               -0.272364
   3    2.676155    2.676155  -12.853639    2.068973   -4.026203  -10.812589  -10.300273    2.163839
                                          -23.418036   -0.014668   -0.087870               -0.087870
   4    4.081178    4.081178  -12.604632   15.478209  -13.192236  -11.171601  -10.643427    3.553004
                                            2.750947   -2.913504   -0.069427               -0.069427

       k =  0.125000  0.250000  0.625000 ik =  24 spin = 1

   n        elda        ecor           x     re sx-x       re ch      re sig         vxc     re eqp0
                                             im sx-x       im ch      im sig                 im eqp0
   1   -3.080099   -3.080099  -16.522469   12.612558   -7.250374  -11.160285  -10.837884   -3.402499
                                           -0.618772   -0.081618   -0.700390               -0.700390
   2   -0.789497   -0.789497  -15.007505   12.799942   -8.679899  -10.929196  -10.499374   -1.219319
                                            0.095523   -0.393003   -0.360634               -0.360634
   3    2.546147    2.546147  -12.971434   13.822443  -11.015973  -10.819928  -10.337098    2.063318
                                            1.414590   -1.526745   -0.093783               -0.093783
   4    3.851488    3.851488  -12.630589   -3.993575   -2.745466  -11.043883  -10.569231    3.376836
                                           -1.425018   -0.006495   -0.071828               -0.071828

       k =  0.125000  0.375000  0.500000 ik =  25 spin = 1

   n        elda        ecor           x     re sx-x       re ch      re sig         vxc     re eqp0
                                             im sx-x       im ch      im sig                 im eqp0
   1   -3.360825   -3.360825  -16.487727   12.628096   -7.177426  -11.037057  -10.692543   -3.705338
                                           -0.647146   -0.076872   -0.724018               -0.724018
   2    0.039079    0.039079  -15.143051   13.000208   -9.170845  -11.407751  -10.977654   -0.391018
                                            0.361215   -0.583404   -0.274366               -0.274366
   3    2.638788    2.638788  -12.782970   -3.602639   -2.737275  -10.765901  -10.224373    2.097261
                                           -1.333944   -0.006233   -0.084487               -0.084487
   4    3.248233    3.248233  -12.704584   -3.840790   -2.788118  -10.933601  -10.382478    2.697110
                                           -1.532946   -0.006481   -0.075079               -0.075079

       k =  0.125000  0.375000  0.625000 ik =  26 spin = 1

   n        elda        ecor           x     re sx-x       re ch      re sig         vxc     re eqp0
                                             im sx-x       im ch      im sig                 im eqp0
   1   -2.483844   -2.483844  -16.252807   12.397301   -7.324027  -11.179533  -10.848235   -2.815142
                                           -0.517741   -0.097208   -0.614950               -0.614950
   2   -0.927347   -0.927347  -15.503517   12.491053   -8.347546  -11.251113  -10.862870   -1.315591
                                           -0.008250   -0.309187   -0.393211               -0.393211
   3    1.933751    1.933751  -12.905666   13.164215  -10.262199  -10.489288   -9.999370    1.443833
                                            1.040889   -1.156542   -0.113191               -0.113191
   4    3.045157    3.045157  -12.703950   12.721960   -5.962510  -10.860822  -10.312307    2.496643
                                           -1.573289   -0.036206   -0.077403               -0.077403

       k =  0.125000  0.375000  0.750000 ik =  27 spin = 1

   n        elda        ecor           x     re sx-x       re ch      re sig         vxc     re eqp0
                                             im sx-x       im ch      im sig                 im eqp0
   1   -2.834493   -2.834493  -16.373989   12.505252   -7.244561  -11.113298  -10.809892   -3.137900
                                           -0.585909   -0.085167   -0.671076               -0.671076
   2   -0.564901   -0.564901  -15.340008   12.680376   -8.669366  -11.298216  -10.880383   -0.982734
                                            0.133905   -0.406977   -0.343637               -0.343637
   3    1.765166    1.765166  -12.936407   13.308476  -10.299130  -10.415927   -9.943726    1.292965
                                            1.032746   -1.150982   -0.123434               -0.123434
   4    3.422605    3.422605  -12.638752   -4.017465   -2.801249  -10.969318  -10.416854    2.870141
                                           -1.508463   -0.006585   -0.073203               -0.073203

       k =  0.125000  0.500000  0.625000 ik =  28 spin = 1

   n        elda        ecor           x     re sx-x       re ch      re sig         vxc     re eqp0
                                             im sx-x       im ch      im sig                 im eqp0
   1   -1.731612   -1.731612  -15.902003   12.116349   -7.436301  -11.221954  -10.857518   -2.096048
                                           -0.374622   -0.127068   -0.501690               -0.501690
   2   -1.731612   -1.731612  -15.902003   12.115414   -7.698394  -11.221954  -10.857518   -2.096048
                                           -0.236677   -0.175512   -0.501690               -0.501690
   3    2.586048    2.586048  -12.811854   12.919713  -10.373136  -10.784628  -10.212591    2.014011
                                            1.166345   -1.275144   -0.083359               -0.083359
   4    2.586048    2.586048  -12.811854   13.151137  -10.779676  -10.784628  -10.212591    2.014011
                                            1.388100   -1.495302   -0.083359               -0.083359

       k =  0.250000  0.500000  0.750000 ik =  29 spin = 1

   n        elda        ecor           x     re sx-x       re ch      re sig         vxc     re eqp0
                                             im sx-x       im ch      im sig                 im eqp0
   1   -1.644403   -1.644403  -15.928031   12.119765   -7.442688  -11.250954  -10.920152   -1.975205
                                           -0.376534   -0.126653   -0.503188               -0.503188
   2   -1.644403   -1.644403  -15.928031   12.115679   -7.703886  -11.250954  -10.920152   -1.975205
                                           -0.242991   -0.173457   -0.503188               -0.503188
   3    2.143469    2.143469  -12.796301   12.730067  -10.004480  -10.497434  -10.003585    1.649621
                                            1.007922   -1.101048   -0.103966               -0.103966
   4    2.143469    2.143469  -12.796301   12.909970  -10.371164  -10.497434  -10.003585    1.649621
                                            1.164289   -1.271880   -0.103966               -0.103966


 eqp0 eigenvalue at nearest energy to elda eigenvalue
 for eqp0(omega) look at spectrum.dat

    n = band index
 elda = energy eigenvalue
 ecor = corrected energy eigenvalue
    x = bare exchange
   sx = screened exchange at energy ecor
   ch = coulomb hole at energy ecor
  sig = sx + ch = self-energy at energy ecor
  vxc = exchange-correlation potential
 eqp0 = elda - vxc + sig(ecor)
 eqp1 = eqp0 + (dsig/de) / (1 - dsig/de) * (eqp0 - ecor)

        finite_difference_form from sig.inp file:
        none     = -2 : dsig/de = 0 [skip the expansion]
        backward = -1 : dsig/de = (sig(ecor) - sig(ecor-de)) / de
        central  =  0 : dsig/de = (sig(ecor+de) - sig(ecor-de)) / (2*de)
        forward  =  1 : dsig/de = (sig(ecor+de) - sig(ecor)) / de
        default  =  2 : forward for diagonal and none for off-diagonal
        de is finite_difference_spacing from sig.inp file
        elda,ecor,x,sx,ch,sig,vxc,eqp0,eqp,de are in eV
        elda and vxc both contain vxc0 so it cancels out
        eqp1 and eqp0 are Eqs. (36-37) from Hybertsen & Louie PRB 34 5390

